<?xml version="1.0" encoding="UTF-8"?>
<testng-results ignored="0" total="1" passed="1" failed="0" skipped="0">
  <reporter-output>
  </reporter-output>
  <suite started-at="2020-12-07T17:14:45Z" name="Default suite" finished-at="2020-12-07T17:14:45Z" duration-ms="79">
    <groups>
    </groups>
    <test started-at="2020-12-07T17:14:45Z" name="Default test" finished-at="2020-12-07T17:14:45Z" duration-ms="79">
      <class name="pageObjects.partnerportal.Accounts.AccountsPage">
        <test-method signature="clickOnViewProposalCashBtn()[pri:0, instance:pageObjects.partnerportal.Accounts.AccountsPage@6f36c2f0]" started-at="2020-12-07T17:14:45Z" name="clickOnViewProposalCashBtn" finished-at="2020-12-07T17:14:45Z" duration-ms="23" status="PASS">
          <reporter-output>
          </reporter-output>
        </test-method> <!-- clickOnViewProposalCashBtn -->
      </class> <!-- pageObjects.partnerportal.Accounts.AccountsPage -->
    </test> <!-- Default test -->
  </suite> <!-- Default suite -->
</testng-results>
